<?xml version="1.0" encoding="UTF-8"?>
<!-- Generated by org.testng.reporters.JUnitReportReporter -->
<testsuite hostname="Enterprises" failures="0" tests="1" name="practice.BrokenLinks" time="13.911" errors="0" timestamp="2023-11-08T16:51:20 IST" skipped="0">
  <testcase classname="practice.BrokenLinks" name="brokenlink" time="13.911"/>
  <system-out/>
</testsuite> <!-- practice.BrokenLinks -->
